<?xml version="1.0" encoding="UTF-8"?>
<!-- Generated by org.testng.reporters.JUnitReportReporter -->
<testsuite skipped="0" hostname="DESKTOP-N2ILFAN" name="dataproviders.DataProvi" tests="3" failures="0" timestamp="2020-01-09T13:18:07 IST" time="0.015" errors="0">
  <testcase name="registeruser" time="0.015" classname="dataproviders.DataProvi"/>
  <testcase name="registeruser" time="0.000" classname="dataproviders.DataProvi"/>
  <testcase name="registeruser" time="0.000" classname="dataproviders.DataProvi"/>
</testsuite> <!-- dataproviders.DataProvi -->
