<?xml version="1.0" encoding="UTF-8"?>
<!-- Generated by org.testng.reporters.JUnitReportReporter -->
<testsuite skipped="0" hostname="DESKTOP-N2ILFAN" name="dataproviders.TestDatafile" tests="6" failures="0" timestamp="2020-01-09T14:14:22 IST" time="0.032" errors="0">
  <testcase name="LoginData" time="0.016" classname="dataproviders.TestDatafile"/>
  <testcase name="LoginData" time="0.000" classname="dataproviders.TestDatafile"/>
  <testcase name="Registerdata" time="0.016" classname="dataproviders.TestDatafile"/>
  <testcase name="Registerdata" time="0.000" classname="dataproviders.TestDatafile"/>
  <testcase name="Registerdata" time="0.000" classname="dataproviders.TestDatafile"/>
  <testcase name="LoginData" time="0.000" classname="dataproviders.TestDatafile"/>
</testsuite> <!-- dataproviders.TestDatafile -->
